#
# A fatal error has been detected by the Java Runtime Environment:
#
#  EXCEPTION_ACCESS_VIOLATION (0xc0000005) at pc=0x00007ff814c4ccec, pid=17760, tid=32120
#
# JRE version: OpenJDK Runtime Environment Corretto-21.0.3.9.1 (21.0.3+9) (build 21.0.3+9-LTS)
# Java VM: OpenJDK 64-Bit Server VM Corretto-21.0.3.9.1 (21.0.3+9-LTS, mixed mode, sharing, tiered, compressed oops, compressed class ptrs, g1 gc, windows-amd64)
# Problematic frame:
# V  [jvm.dll+0x87ccec]
#
# No core dump will be written. Minidumps are not enabled by default on client versions of Windows
#
# If you would like to submit a bug report, please visit:
#   https://github.com/corretto/corretto-21/issues/
#

---------------  S U M M A R Y ------------

Command Line: -javaagent:C:\Program Files\JetBrains\IntelliJ IDEA 2024.1.4\lib\idea_rt.jar=54236:C:\Program Files\JetBrains\IntelliJ IDEA 2024.1.4\bin -Dfile.encoding=UTF-8 -Dsun.stdout.encoding=UTF-8 -Dsun.stderr.encoding=UTF-8 dev.isnow.mcrekus.module.impl.model.util.MatrixUtil

Host: AMD Ryzen 7 7700 8-Core Processor              , 16 cores, 31G,  Windows 11 , 64 bit Build 22621 (10.0.22621.3958)
Time: Sun Nov 10 03:19:34 2024 Central European Standard Time elapsed time: 0.126755 seconds (0d 0h 0m 0s)

---------------  T H R E A D  ---------------

Current thread (0x0000011d070dc190):  JavaThread "main"             [_thread_in_vm, id=32120, stack(0x00000003f9200000,0x00000003f9300000) (1024K)]

Stack: [0x00000003f9200000,0x00000003f9300000],  sp=0x00000003f92ff4e0,  free space=1021k
Native frames: (J=compiled Java code, j=interpreted, Vv=VM code, C=native code)
V  [jvm.dll+0x87ccec]
C  0x0000011d17364722

The last pc belongs to native nmethod (printed below).
Java frames: (J=compiled Java code, j=interpreted, Vv=VM code)
J 260  jdk.internal.misc.Unsafe.getLong(Ljava/lang/Object;J)J java.base@21.0.3 (0 bytes) @ 0x0000011d17364687 [0x0000011d17364620+0x0000000000000067]
j  jdk.internal.misc.Unsafe.getLong(J)J+3 java.base@21.0.3
j  sun.misc.Unsafe.getLong(J)J+4 jdk.unsupported@21.0.3
j  org.joml.MemUtil$MemUtilUnsafe.get(Lorg/joml/Matrix4f;J)V+29
j  org.joml.MemUtil$MemUtilUnsafe.get(Lorg/joml/Matrix4f;ILjava/nio/FloatBuffer;)V+46
j  org.joml.Matrix4f.<init>(Ljava/nio/FloatBuffer;)V+13
j  dev.isnow.mcrekus.module.impl.model.util.MatrixUtil.main([Ljava/lang/String;)V+99
v  ~StubRoutines::call_stub 0x0000011d16c010e7

siginfo: EXCEPTION_ACCESS_VIOLATION (0xc0000005), reading address 0x0000000000000010


Registers:
RAX=0x0000000000000000, RBX=0x0000011d070dc190, RCX=0x0000011d070dc548, RDX=0x00000003f92ff530
RSP=0x00000003f92ff4e0, RBP=0x00000003f92ff570, RSI=0x0000000000000010, RDI=0x0000000000000000
R8 =0x0000000000000000, R9 =0x0000000000000010, R10=0x00007ff81506893f, R11=0x0000011d17364640
R12=0x0000000000000000, R13=0x00000003f92ff588, R14=0x00000003f92ff610, R15=0x0000011d070dc190
RIP=0x00007ff814c4ccec, EFLAGS=0x0000000000010246


Register to memory mapping:

RAX=0x0 is null
RBX=0x0000011d070dc190 is a thread
RCX=0x0000011d070dc548 points into unknown readable memory: 0x00007ff814ffe780 | 80 e7 ff 14 f8 7f 00 00
RDX=0x00000003f92ff530 is pointing into the stack for thread: 0x0000011d070dc190
RSP=0x00000003f92ff4e0 is pointing into the stack for thread: 0x0000011d070dc190
RBP=0x00000003f92ff570 is pointing into the stack for thread: 0x0000011d070dc190
RSI=0x0000000000000010 is an unknown value
RDI=0x0 is null
R8 =0x0 is null
R9 =0x0000000000000010 is an unknown value
R10=0x00007ff81506893f jvm.dll
R11=0x0000011d17364640 is at entry_point+32 in (nmethod*)0x0000011d17364490
Compiled method (n/a)     131  260     n 0       jdk.internal.misc.Unsafe::getLong (native)
 total in heap  [0x0000011d17364490,0x0000011d17364860] = 976
 relocation     [0x0000011d173645f0,0x0000011d17364620] = 48
 main code      [0x0000011d17364620,0x0000011d1736485e] = 574
 stub code      [0x0000011d1736485e,0x0000011d17364860] = 2
R12=0x0 is null
R13=0x00000003f92ff588 is pointing into the stack for thread: 0x0000011d070dc190
R14=0x00000003f92ff610 is pointing into the stack for thread: 0x0000011d070dc190
R15=0x0000011d070dc190 is a thread

Top of Stack: (sp=0x00000003f92ff4e0)
0x00000003f92ff4e0:   00000003f92ff5a0 00007ff814a4745c
0x00000003f92ff4f0:   0000011d0719d1b0 000000000000000d
0x00000003f92ff500:   0000011d070dc190 0000011d17364722
0x00000003f92ff510:   0000011d2c449180 00000003f92ffc80
0x00000003f92ff520:   0000011d070dc190 0000011d070dc190
0x00000003f92ff530:   000000062d00d5e0 0000000000000000
0x00000003f92ff540:   00000003f92ff680 00007ff814a5834b
0x00000003f92ff550:   00000003f92ff5a0 0000011d6d0e3480
0x00000003f92ff560:   0000000000000000 00007ff814a4745c
0x00000003f92ff570:   00000003f92ff5f0 0000011d16c0893e
0x00000003f92ff580:   0000011d16c0893e 0000000000000010
0x00000003f92ff590:   0000000000000000 0000000000000000
0x00000003f92ff5a0:   000000062d00d5e0 00000003f92ff5a8
0x00000003f92ff5b0:   0000011d2cbdd153 0000000000000004
0x00000003f92ff5c0:   0000011d2c449f18 0000000000000000
0x00000003f92ff5d0:   000000062d0059b8 0000011d2c449128
0x00000003f92ff5e0:   00000003f92ff588 00000003f92ff600
0x00000003f92ff5f0:   00000003f92ff660 0000011d16c0893e
0x00000003f92ff600:   0000000000000010 0000000000000000
0x00000003f92ff610:   000000062d00d5e0 00000003f92ff618
0x00000003f92ff620:   0000011d6d0d63bc 0000000000000004
0x00000003f92ff630:   0000011d6d0d9e78 0000000000000000
0x00000003f92ff640:   000000062ce65af8 0000011d6d0d63e8
0x00000003f92ff650:   00000003f92ff600 00000003f92ff670
0x00000003f92ff660:   00000003f92ff6f0 0000011d16c0893e
0x00000003f92ff670:   0000000000000010 0000000000000000
0x00000003f92ff680:   000000062ce65cf8 0000000000000010
0x00000003f92ff690:   0000000000000000 000000062cdf8b30
0x00000003f92ff6a0:   000000062ce65cf8 00000003f92ff6a8
0x00000003f92ff6b0:   0000011d6d4cfbcd 0000000000000005
0x00000003f92ff6c0:   0000011d6d4e3758 0000000000000000
0x00000003f92ff6d0:   000000062ce65118 0000011d6d4cfc10 

Instructions: (pc=0x00007ff814c4ccec)
0x00007ff814c4cbec:   18 48 89 41 18 48 8b 4f 08 48 8b 47 20 48 89 41
0x00007ff814c4cbfc:   20 48 8d 8b 98 03 00 00 e8 77 02 aa ff 48 8b 74
0x00007ff814c4cc0c:   24 38 90 c7 83 4c 04 00 00 04 00 00 00 48 8b 5c
0x00007ff814c4cc1c:   24 30 48 83 c4 20 5f c3 cc cc cc cc cc cc cc cc
0x00007ff814c4cc2c:   cc cc cc cc 48 89 5c 24 08 48 89 74 24 10 57 48
0x00007ff814c4cc3c:   83 ec 20 8b 81 b8 00 00 00 48 8d 99 48 fc ff ff
0x00007ff814c4cc4c:   05 53 21 ff ff 49 8b f1 49 8b f8 83 f8 01 77 08
0x00007ff814c4cc5c:   48 8b cb e8 bc 67 b7 ff 80 3d 5c bc 41 00 00 c7
0x00007ff814c4cc6c:   83 4c 04 00 00 06 00 00 00 75 06 e8 e4 8d e4 ff
0x00007ff814c4cc7c:   90 48 8b 83 50 04 00 00 a8 01 74 0d 45 33 c0 b2
0x00007ff814c4cc8c:   01 48 8b cb e8 9b 98 eb ff 8b 83 48 04 00 00 a8
0x00007ff814c4cc9c:   0c 74 08 48 8b cb e8 b9 7c b7 ff 33 c0 c7 83 4c
0x00007ff814c4ccac:   04 00 00 06 00 00 00 48 85 ff 74 2d 48 8b c7 83
0x00007ff814c4ccbc:   e0 03 48 83 f8 01 75 0c 48 8d 4f ff ff 15 02 ed
0x00007ff814c4cccc:   3a 00 eb 15 48 83 f8 02 75 0c 48 8d 4f fe ff 15
0x00007ff814c4ccdc:   40 63 3a 00 eb 03 48 8b 07 c6 83 78 04 00 00 01
0x00007ff814c4ccec:   48 8b 34 30 c6 83 78 04 00 00 00 48 8b bb 98 01
0x00007ff814c4ccfc:   00 00 48 8b 47 10 48 83 38 00 74 0c 48 8b cf e8
0x00007ff814c4cd0c:   a0 85 b2 ff 48 8b 47 10 48 8b 4f 08 48 89 41 10
0x00007ff814c4cd1c:   48 8b 57 08 48 8b 4f 18 48 89 4a 18 48 8b 4f 20
0x00007ff814c4cd2c:   48 8b 57 08 48 89 4a 20 48 8d 8b 98 03 00 00 e8
0x00007ff814c4cd3c:   40 01 aa ff 90 48 8b c6 48 8b 74 24 38 c7 83 4c
0x00007ff814c4cd4c:   04 00 00 04 00 00 00 48 8b 5c 24 30 48 83 c4 20
0x00007ff814c4cd5c:   5f c3 cc cc 48 89 5c 24 08 48 89 74 24 10 57 48
0x00007ff814c4cd6c:   83 ec 20 8b 81 b8 00 00 00 48 8d 99 48 fc ff ff
0x00007ff814c4cd7c:   05 53 21 ff ff 49 8b f1 49 8b f8 83 f8 01 77 08
0x00007ff814c4cd8c:   48 8b cb e8 8c 66 b7 ff 80 3d 2c bb 41 00 00 c7
0x00007ff814c4cd9c:   83 4c 04 00 00 06 00 00 00 75 06 e8 b4 8c e4 ff
0x00007ff814c4cdac:   90 48 8b 83 50 04 00 00 a8 01 74 0d 45 33 c0 b2
0x00007ff814c4cdbc:   01 48 8b cb e8 6b 97 eb ff 8b 83 48 04 00 00 a8
0x00007ff814c4cdcc:   0c 74 08 48 8b cb e8 89 7b b7 ff 33 c9 c7 83 4c
0x00007ff814c4cddc:   04 00 00 06 00 00 00 48 85 ff 74 33 48 8b c7 83 


Stack slot to memory mapping:

stack at sp + 0 slots: 0x00000003f92ff5a0 is pointing into the stack for thread: 0x0000011d070dc190
stack at sp + 1 slots: 0x00007ff814a4745c jvm.dll
stack at sp + 2 slots: 0x0000011d0719d1b0 points into unknown readable memory: 0x0000000000000000 | 00 00 00 00 00 00 00 00
stack at sp + 3 slots: 0x000000000000000d is an unknown value
stack at sp + 4 slots: 0x0000011d070dc190 is a thread
stack at sp + 5 slots: 0x0000011d17364722 is at entry_point+258 in (nmethod*)0x0000011d17364490
Compiled method (n/a)     135  260     n 0       jdk.internal.misc.Unsafe::getLong (native)
 total in heap  [0x0000011d17364490,0x0000011d17364860] = 976
 relocation     [0x0000011d173645f0,0x0000011d17364620] = 48
 main code      [0x0000011d17364620,0x0000011d1736485e] = 574
 stub code      [0x0000011d1736485e,0x0000011d17364860] = 2
stack at sp + 6 slots: {method} {0x0000011d2c449188} 'getLong' '(Ljava/lang/Object;J)J' in 'jdk/internal/misc/Unsafe'
stack at sp + 7 slots: 0x00000003f92ffc80 is pointing into the stack for thread: 0x0000011d070dc190


Compiled method (n/a)     136  260     n 0       jdk.internal.misc.Unsafe::getLong (native)
 total in heap  [0x0000011d17364490,0x0000011d17364860] = 976
 relocation     [0x0000011d173645f0,0x0000011d17364620] = 48
 main code      [0x0000011d17364620,0x0000011d1736485e] = 574
 stub code      [0x0000011d1736485e,0x0000011d17364860] = 2

[Constant Pool (empty)]

[MachCode]
[Entry Point]
  # {method} {0x0000011d2c449188} 'getLong' '(Ljava/lang/Object;J)J' in 'jdk/internal/misc/Unsafe'
  # this:     rdx:rdx   = 'jdk/internal/misc/Unsafe'
  # parm0:    r8:r8     = 'java/lang/Object'
  # parm1:    r9:r9     = long
  #           [sp+0x70]  (sp of caller)
  0x0000011d17364620: 448b 5208 | 49bb 0000 | 002c 1d01 | 0000 4d03 | d349 3bc2 | 0f84 0600 

  0x0000011d17364638: ;   {runtime_call ic_miss_stub}
  0x0000011d17364638: 0000 e941 | a38e ff90 
[Verified Entry Point]
  0x0000011d17364640: 8984 2400 | 80ff ff55 | 488b ec48 | 83ec 6090 | 4181 7f20 | 0100 0000 

  0x0000011d17364658: ;   {runtime_call StubRoutines (final stubs)}
  0x0000011d17364658: 7405 e821 | 178d ff4c | 8944 2428 | 4983 f800 | 4c8d 4424 | 284c 0f44 | 4424 2848 | 8954 2420 
  0x0000011d17364678: 4883 fa00 | 488d 5424 | 2048 0f44 | 5424 20c5 

  0x0000011d17364688: ;   {internal_word}
  0x0000011d17364688: f877 49ba | 8746 3617 | 1d01 0000 | 4d89 97a0 | 0300 0049 | 89a7 9803 

  0x0000011d173646a0: ;   {external_word}
  0x0000011d173646a0: 0000 49ba | 3f89 0615 | f87f 0000 | 4180 3a00 | 0f84 4e00 | 0000 5241 

  0x0000011d173646b8: ;   {metadata({method} {0x0000011d2c449188} 'getLong' '(Ljava/lang/Object;J)J' in 'jdk/internal/misc/Unsafe')}
  0x0000011d173646b8: 5041 5148 | ba80 9144 | 2c1d 0100 | 0049 8bcf | 4883 ec20 | 40f6 c40f | 0f84 1900 | 0000 4883 
  0x0000011d173646d8: ;   {runtime_call}
  0x0000011d173646d8: ec08 48b8 | 10b8 b014 | f87f 0000 | ffd0 4883 | c408 e90c 

  0x0000011d173646ec: ;   {runtime_call}
  0x0000011d173646ec: 0000 0048 | b810 b8b0 | 14f8 7f00 | 00ff d048 | 83c4 2041 | 5941 585a | 498d 8fb8 | 0300 0041 
  0x0000011d1736470c: c787 4c04 | 0000 0400 

  0x0000011d17364714: ;   {runtime_call}
  0x0000011d17364714: 0000 48b8 | 30cc c414 | f87f 0000 | ffd0 c5f8 | 7741 c787 | 4c04 0000 | 0500 0000 | f083 4424 
  0x0000011d17364734: c000 493b | af50 0400 | 000f 870e | 0000 0041 | 83bf 4804 | 0000 000f | 842b 0000 | 00c5 f877 
  0x0000011d17364754: 4889 45f8 | 498b cf4c | 8be4 4883 | ec20 4883 

  0x0000011d17364764: ;   {runtime_call}
  0x0000011d17364764: e4f0 48b8 | 2036 7c14 | f87f 0000 | ffd0 498b | e44d 33e4 | 488b 45f8 | 41c7 874c | 0400 0008 
  0x0000011d17364784: 0000 0041 | 83bf c804 | 0000 020f | 849c 0000 

  0x0000011d17364794: ;   {external_word}
  0x0000011d17364794: 0049 ba3f | 8906 15f8 | 7f00 0041 | 803a 000f | 844c 0000 | 0048 8945 

  0x0000011d173647ac: ;   {metadata({method} {0x0000011d2c449188} 'getLong' '(Ljava/lang/Object;J)J' in 'jdk/internal/misc/Unsafe')}
  0x0000011d173647ac: f848 ba80 | 9144 2c1d | 0100 0049 | 8bcf 4883 | ec20 40f6 | c40f 0f84 | 1900 0000 | 4883 ec08 
  0x0000011d173647cc: ;   {runtime_call}
  0x0000011d173647cc: 48b8 10b8 | b014 f87f | 0000 ffd0 | 4883 c408 | e90c 0000 

  0x0000011d173647e0: ;   {runtime_call}
  0x0000011d173647e0: 0048 b810 | b8b0 14f8 | 7f00 00ff | d048 83c4 | 2048 8b45 | f849 c787 | 9803 0000 | 0000 0000 
  0x0000011d17364800: 49c7 87a0 | 0300 0000 | 0000 00c5 | f877 498b | 8f28 0400 | 00c7 8100 | 0100 0000 | 0000 00c9 
  0x0000011d17364820: 4983 7f08 | 000f 8501 | 0000 00c3 

  0x0000011d1736482c: ;   {runtime_call StubRoutines (initial stubs)}
  0x0000011d1736482c: e9cf c689 | ffc5 f877 | 4889 45f8 | 4c8b e448 | 83ec 2048 

  0x0000011d17364840: ;   {runtime_call}
  0x0000011d17364840: 83e4 f048 | b8b0 efb0 | 14f8 7f00 | 00ff d049 | 8be4 4d33 | e448 8b45 | f8e9 37ff | ffff f4f4 
[/MachCode]


---------------  P R O C E S S  ---------------

Threads class SMR info:
_java_thread_list=0x0000011d71337410, length=15, elements={
0x0000011d070dc190, 0x0000011d71011820, 0x0000011d71012740, 0x0000011d710162e0,
0x0000011d71016f40, 0x0000011d7101a380, 0x0000011d71045420, 0x0000011d71046950,
0x0000011d71049e00, 0x0000011d71162450, 0x0000011d71163bb0, 0x0000011d71164260,
0x0000011d711cf460, 0x0000011d713389b0, 0x0000011d71339020
}

Java Threads: ( => current thread )
=>0x0000011d070dc190 JavaThread "main"                              [_thread_in_vm, id=32120, stack(0x00000003f9200000,0x00000003f9300000) (1024K)]
  0x0000011d71011820 JavaThread "Reference Handler"          daemon [_thread_blocked, id=26120, stack(0x00000003f9a00000,0x00000003f9b00000) (1024K)]
  0x0000011d71012740 JavaThread "Finalizer"                  daemon [_thread_blocked, id=9296, stack(0x00000003f9b00000,0x00000003f9c00000) (1024K)]
  0x0000011d710162e0 JavaThread "Signal Dispatcher"          daemon [_thread_blocked, id=28716, stack(0x00000003f9c00000,0x00000003f9d00000) (1024K)]
  0x0000011d71016f40 JavaThread "Attach Listener"            daemon [_thread_blocked, id=21356, stack(0x00000003f9d00000,0x00000003f9e00000) (1024K)]
  0x0000011d7101a380 JavaThread "Service Thread"             daemon [_thread_blocked, id=18300, stack(0x00000003f9e00000,0x00000003f9f00000) (1024K)]
  0x0000011d71045420 JavaThread "Monitor Deflation Thread"   daemon [_thread_blocked, id=32460, stack(0x00000003f9f00000,0x00000003fa000000) (1024K)]
  0x0000011d71046950 JavaThread "C2 CompilerThread0"         daemon [_thread_blocked, id=32956, stack(0x00000003fa000000,0x00000003fa100000) (1024K)]
  0x0000011d71049e00 JavaThread "C1 CompilerThread0"         daemon [_thread_blocked, id=15204, stack(0x00000003fa100000,0x00000003fa200000) (1024K)]
  0x0000011d71162450 JavaThread "Common-Cleaner"             daemon [_thread_blocked, id=32160, stack(0x00000003fa200000,0x00000003fa300000) (1024K)]
  0x0000011d71163bb0 JavaThread "C1 CompilerThread1"         daemon [_thread_blocked, id=5288, stack(0x00000003fa300000,0x00000003fa400000) (1024K)]
  0x0000011d71164260 JavaThread "C1 CompilerThread2"         daemon [_thread_blocked, id=33076, stack(0x00000003fa400000,0x00000003fa500000) (1024K)]
  0x0000011d711cf460 JavaThread "C2 CompilerThread1"         daemon [_thread_blocked, id=18088, stack(0x00000003fa500000,0x00000003fa600000) (1024K)]
  0x0000011d713389b0 JavaThread "Monitor Ctrl-Break"         daemon [_thread_in_native, id=29688, stack(0x00000003fa600000,0x00000003fa700000) (1024K)]
  0x0000011d71339020 JavaThread "Notification Thread"        daemon [_thread_blocked, id=17748, stack(0x00000003fa700000,0x00000003fa800000) (1024K)]
Total: 15

Other Threads:
  0x0000011d28e81430 VMThread "VM Thread"                           [id=32908, stack(0x00000003f9900000,0x00000003f9a00000) (1024K)]
  0x0000011d28e69740 WatcherThread "VM Periodic Task Thread"        [id=31616, stack(0x00000003f9800000,0x00000003f9900000) (1024K)]
  0x0000011d28ccf4b0 WorkerThread "GC Thread#0"                     [id=29828, stack(0x00000003f9300000,0x00000003f9400000) (1024K)]
  0x0000011d07153a50 ConcurrentGCThread "G1 Main Marker"            [id=19096, stack(0x00000003f9400000,0x00000003f9500000) (1024K)]
  0x0000011d07154550 WorkerThread "G1 Conc#0"                       [id=14564, stack(0x00000003f9500000,0x00000003f9600000) (1024K)]
  0x0000011d28d38ff0 ConcurrentGCThread "G1 Refine#0"               [id=30652, stack(0x00000003f9600000,0x00000003f9700000) (1024K)]
  0x0000011d28d39810 ConcurrentGCThread "G1 Service"                [id=16780, stack(0x00000003f9700000,0x00000003f9800000) (1024K)]
Total: 7

Threads with active compile tasks:
Total: 0

VM state: not at safepoint (normal execution)

VM Mutex/Monitor currently owned by a thread: None

Heap address: 0x000000060e000000, size: 7968 MB, Compressed Oops mode: Zero based, Oop shift amount: 3

CDS archive(s) mapped at: [0x0000011d2c000000-0x0000011d2cc90000-0x0000011d2cc90000), size 13172736, SharedBaseAddress: 0x0000011d2c000000, ArchiveRelocationMode: 1.
Compressed class space mapped at: 0x0000011d2d000000-0x0000011d6d000000, reserved size: 1073741824
Narrow klass base: 0x0000011d2c000000, Narrow klass shift: 0, Narrow klass range: 0x100000000

GC Precious Log:
 CardTable entry size: 512
 Card Set container configuration: InlinePtr #cards 4 size 8 Array Of Cards #cards 32 size 80 Howl #buckets 8 coarsen threshold 7372 Howl Bitmap #cards 1024 size 144 coarsen threshold 921 Card regions per heap region 1 cards per card region 8192
 CPUs: 16 total, 16 available
 Memory: 31863M
 Large Page Support: Disabled
 NUMA Support: Disabled
 Compressed Oops: Enabled (Zero based)
 Heap Region Size: 4M
 Heap Min Capacity: 8M
 Heap Initial Capacity: 500M
 Heap Max Capacity: 7968M
 Pre-touch: Disabled
 Parallel Workers: 13
 Concurrent Workers: 3
 Concurrent Refinement Workers: 13
 Periodic GC: Disabled

Heap:
 garbage-first heap   total 512000K, used 8192K [0x000000060e000000, 0x0000000800000000)
  region size 4096K, 3 young (12288K), 0 survivors (0K)
 Metaspace       used 3096K, committed 3328K, reserved 1114112K
  class space    used 144K, committed 256K, reserved 1048576K

Heap Regions: E=young(eden), S=young(survivor), O=old, HS=humongous(starts), HC=humongous(continues), CS=collection set, F=free, TAMS=top-at-mark-start, PB=parsable bottom
|   0|0x000000060e000000, 0x000000060e000000, 0x000000060e400000|  0%| F|  |TAMS 0x000000060e000000| PB 0x000000060e000000| Untracked 
|   1|0x000000060e400000, 0x000000060e400000, 0x000000060e800000|  0%| F|  |TAMS 0x000000060e400000| PB 0x000000060e400000| Untracked 
|   2|0x000000060e800000, 0x000000060e800000, 0x000000060ec00000|  0%| F|  |TAMS 0x000000060e800000| PB 0x000000060e800000| Untracked 
|   3|0x000000060ec00000, 0x000000060ec00000, 0x000000060f000000|  0%| F|  |TAMS 0x000000060ec00000| PB 0x000000060ec00000| Untracked 
|   4|0x000000060f000000, 0x000000060f000000, 0x000000060f400000|  0%| F|  |TAMS 0x000000060f000000| PB 0x000000060f000000| Untracked 
|   5|0x000000060f400000, 0x000000060f400000, 0x000000060f800000|  0%| F|  |TAMS 0x000000060f400000| PB 0x000000060f400000| Untracked 
|   6|0x000000060f800000, 0x000000060f800000, 0x000000060fc00000|  0%| F|  |TAMS 0x000000060f800000| PB 0x000000060f800000| Untracked 
|   7|0x000000060fc00000, 0x000000060fc00000, 0x0000000610000000|  0%| F|  |TAMS 0x000000060fc00000| PB 0x000000060fc00000| Untracked 
|   8|0x0000000610000000, 0x0000000610000000, 0x0000000610400000|  0%| F|  |TAMS 0x0000000610000000| PB 0x0000000610000000| Untracked 
|   9|0x0000000610400000, 0x0000000610400000, 0x0000000610800000|  0%| F|  |TAMS 0x0000000610400000| PB 0x0000000610400000| Untracked 
|  10|0x0000000610800000, 0x0000000610800000, 0x0000000610c00000|  0%| F|  |TAMS 0x0000000610800000| PB 0x0000000610800000| Untracked 
|  11|0x0000000610c00000, 0x0000000610c00000, 0x0000000611000000|  0%| F|  |TAMS 0x0000000610c00000| PB 0x0000000610c00000| Untracked 
|  12|0x0000000611000000, 0x0000000611000000, 0x0000000611400000|  0%| F|  |TAMS 0x0000000611000000| PB 0x0000000611000000| Untracked 
|  13|0x0000000611400000, 0x0000000611400000, 0x0000000611800000|  0%| F|  |TAMS 0x0000000611400000| PB 0x0000000611400000| Untracked 
|  14|0x0000000611800000, 0x0000000611800000, 0x0000000611c00000|  0%| F|  |TAMS 0x0000000611800000| PB 0x0000000611800000| Untracked 
|  15|0x0000000611c00000, 0x0000000611c00000, 0x0000000612000000|  0%| F|  |TAMS 0x0000000611c00000| PB 0x0000000611c00000| Untracked 
|  16|0x0000000612000000, 0x0000000612000000, 0x0000000612400000|  0%| F|  |TAMS 0x0000000612000000| PB 0x0000000612000000| Untracked 
|  17|0x0000000612400000, 0x0000000612400000, 0x0000000612800000|  0%| F|  |TAMS 0x0000000612400000| PB 0x0000000612400000| Untracked 
|  18|0x0000000612800000, 0x0000000612800000, 0x0000000612c00000|  0%| F|  |TAMS 0x0000000612800000| PB 0x0000000612800000| Untracked 
|  19|0x0000000612c00000, 0x0000000612c00000, 0x0000000613000000|  0%| F|  |TAMS 0x0000000612c00000| PB 0x0000000612c00000| Untracked 
|  20|0x0000000613000000, 0x0000000613000000, 0x0000000613400000|  0%| F|  |TAMS 0x0000000613000000| PB 0x0000000613000000| Untracked 
|  21|0x0000000613400000, 0x0000000613400000, 0x0000000613800000|  0%| F|  |TAMS 0x0000000613400000| PB 0x0000000613400000| Untracked 
|  22|0x0000000613800000, 0x0000000613800000, 0x0000000613c00000|  0%| F|  |TAMS 0x0000000613800000| PB 0x0000000613800000| Untracked 
|  23|0x0000000613c00000, 0x0000000613c00000, 0x0000000614000000|  0%| F|  |TAMS 0x0000000613c00000| PB 0x0000000613c00000| Untracked 
|  24|0x0000000614000000, 0x0000000614000000, 0x0000000614400000|  0%| F|  |TAMS 0x0000000614000000| PB 0x0000000614000000| Untracked 
|  25|0x0000000614400000, 0x0000000614400000, 0x0000000614800000|  0%| F|  |TAMS 0x0000000614400000| PB 0x0000000614400000| Untracked 
|  26|0x0000000614800000, 0x0000000614800000, 0x0000000614c00000|  0%| F|  |TAMS 0x0000000614800000| PB 0x0000000614800000| Untracked 
|  27|0x0000000614c00000, 0x0000000614c00000, 0x0000000615000000|  0%| F|  |TAMS 0x0000000614c00000| PB 0x0000000614c00000| Untracked 
|  28|0x0000000615000000, 0x0000000615000000, 0x0000000615400000|  0%| F|  |TAMS 0x0000000615000000| PB 0x0000000615000000| Untracked 
|  29|0x0000000615400000, 0x0000000615400000, 0x0000000615800000|  0%| F|  |TAMS 0x0000000615400000| PB 0x0000000615400000| Untracked 
|  30|0x0000000615800000, 0x0000000615800000, 0x0000000615c00000|  0%| F|  |TAMS 0x0000000615800000| PB 0x0000000615800000| Untracked 
|  31|0x0000000615c00000, 0x0000000615c00000, 0x0000000616000000|  0%| F|  |TAMS 0x0000000615c00000| PB 0x0000000615c00000| Untracked 
|  32|0x0000000616000000, 0x0000000616000000, 0x0000000616400000|  0%| F|  |TAMS 0x0000000616000000| PB 0x0000000616000000| Untracked 
|  33|0x0000000616400000, 0x0000000616400000, 0x0000000616800000|  0%| F|  |TAMS 0x0000000616400000| PB 0x0000000616400000| Untracked 
|  34|0x0000000616800000, 0x0000000616800000, 0x0000000616c00000|  0%| F|  |TAMS 0x0000000616800000| PB 0x0000000616800000| Untracked 
|  35|0x0000000616c00000, 0x0000000616c00000, 0x0000000617000000|  0%| F|  |TAMS 0x0000000616c00000| PB 0x0000000616c00000| Untracked 
|  36|0x0000000617000000, 0x0000000617000000, 0x0000000617400000|  0%| F|  |TAMS 0x0000000617000000| PB 0x0000000617000000| Untracked 
|  37|0x0000000617400000, 0x0000000617400000, 0x0000000617800000|  0%| F|  |TAMS 0x0000000617400000| PB 0x0000000617400000| Untracked 
|  38|0x0000000617800000, 0x0000000617800000, 0x0000000617c00000|  0%| F|  |TAMS 0x0000000617800000| PB 0x0000000617800000| Untracked 
|  39|0x0000000617c00000, 0x0000000617c00000, 0x0000000618000000|  0%| F|  |TAMS 0x0000000617c00000| PB 0x0000000617c00000| Untracked 
|  40|0x0000000618000000, 0x0000000618000000, 0x0000000618400000|  0%| F|  |TAMS 0x0000000618000000| PB 0x0000000618000000| Untracked 
|  41|0x0000000618400000, 0x0000000618400000, 0x0000000618800000|  0%| F|  |TAMS 0x0000000618400000| PB 0x0000000618400000| Untracked 
|  42|0x0000000618800000, 0x0000000618800000, 0x0000000618c00000|  0%| F|  |TAMS 0x0000000618800000| PB 0x0000000618800000| Untracked 
|  43|0x0000000618c00000, 0x0000000618c00000, 0x0000000619000000|  0%| F|  |TAMS 0x0000000618c00000| PB 0x0000000618c00000| Untracked 
|  44|0x0000000619000000, 0x0000000619000000, 0x0000000619400000|  0%| F|  |TAMS 0x0000000619000000| PB 0x0000000619000000| Untracked 
|  45|0x0000000619400000, 0x0000000619400000, 0x0000000619800000|  0%| F|  |TAMS 0x0000000619400000| PB 0x0000000619400000| Untracked 
|  46|0x0000000619800000, 0x0000000619800000, 0x0000000619c00000|  0%| F|  |TAMS 0x0000000619800000| PB 0x0000000619800000| Untracked 
|  47|0x0000000619c00000, 0x0000000619c00000, 0x000000061a000000|  0%| F|  |TAMS 0x0000000619c00000| PB 0x0000000619c00000| Untracked 
|  48|0x000000061a000000, 0x000000061a000000, 0x000000061a400000|  0%| F|  |TAMS 0x000000061a000000| PB 0x000000061a000000| Untracked 
|  49|0x000000061a400000, 0x000000061a400000, 0x000000061a800000|  0%| F|  |TAMS 0x000000061a400000| PB 0x000000061a400000| Untracked 
|  50|0x000000061a800000, 0x000000061a800000, 0x000000061ac00000|  0%| F|  |TAMS 0x000000061a800000| PB 0x000000061a800000| Untracked 
|  51|0x000000061ac00000, 0x000000061ac00000, 0x000000061b000000|  0%| F|  |TAMS 0x000000061ac00000| PB 0x000000061ac00000| Untracked 
|  52|0x000000061b000000, 0x000000061b000000, 0x000000061b400000|  0%| F|  |TAMS 0x000000061b000000| PB 0x000000061b000000| Untracked 
|  53|0x000000061b400000, 0x000000061b400000, 0x000000061b800000|  0%| F|  |TAMS 0x000000061b400000| PB 0x000000061b400000| Untracked 
|  54|0x000000061b800000, 0x000000061b800000, 0x000000061bc00000|  0%| F|  |TAMS 0x000000061b800000| PB 0x000000061b800000| Untracked 
|  55|0x000000061bc00000, 0x000000061bc00000, 0x000000061c000000|  0%| F|  |TAMS 0x000000061bc00000| PB 0x000000061bc00000| Untracked 
|  56|0x000000061c000000, 0x000000061c000000, 0x000000061c400000|  0%| F|  |TAMS 0x000000061c000000| PB 0x000000061c000000| Untracked 
|  57|0x000000061c400000, 0x000000061c400000, 0x000000061c800000|  0%| F|  |TAMS 0x000000061c400000| PB 0x000000061c400000| Untracked 
|  58|0x000000061c800000, 0x000000061c800000, 0x000000061cc00000|  0%| F|  |TAMS 0x000000061c800000| PB 0x000000061c800000| Untracked 
|  59|0x000000061cc00000, 0x000000061cc00000, 0x000000061d000000|  0%| F|  |TAMS 0x000000061cc00000| PB 0x000000061cc00000| Untracked 
|  60|0x000000061d000000, 0x000000061d000000, 0x000000061d400000|  0%| F|  |TAMS 0x000000061d000000| PB 0x000000061d000000| Untracked 
|  61|0x000000061d400000, 0x000000061d400000, 0x000000061d800000|  0%| F|  |TAMS 0x000000061d400000| PB 0x000000061d400000| Untracked 
|  62|0x000000061d800000, 0x000000061d800000, 0x000000061dc00000|  0%| F|  |TAMS 0x000000061d800000| PB 0x000000061d800000| Untracked 
|  63|0x000000061dc00000, 0x000000061dc00000, 0x000000061e000000|  0%| F|  |TAMS 0x000000061dc00000| PB 0x000000061dc00000| Untracked 
|  64|0x000000061e000000, 0x000000061e000000, 0x000000061e400000|  0%| F|  |TAMS 0x000000061e000000| PB 0x000000061e000000| Untracked 
|  65|0x000000061e400000, 0x000000061e400000, 0x000000061e800000|  0%| F|  |TAMS 0x000000061e400000| PB 0x000000061e400000| Untracked 
|  66|0x000000061e800000, 0x000000061e800000, 0x000000061ec00000|  0%| F|  |TAMS 0x000000061e800000| PB 0x000000061e800000| Untracked 
|  67|0x000000061ec00000, 0x000000061ec00000, 0x000000061f000000|  0%| F|  |TAMS 0x000000061ec00000| PB 0x000000061ec00000| Untracked 
|  68|0x000000061f000000, 0x000000061f000000, 0x000000061f400000|  0%| F|  |TAMS 0x000000061f000000| PB 0x000000061f000000| Untracked 
|  69|0x000000061f400000, 0x000000061f400000, 0x000000061f800000|  0%| F|  |TAMS 0x000000061f400000| PB 0x000000061f400000| Untracked 
|  70|0x000000061f800000, 0x000000061f800000, 0x000000061fc00000|  0%| F|  |TAMS 0x000000061f800000| PB 0x000000061f800000| Untracked 
|  71|0x000000061fc00000, 0x000000061fc00000, 0x0000000620000000|  0%| F|  |TAMS 0x000000061fc00000| PB 0x000000061fc00000| Untracked 
|  72|0x0000000620000000, 0x0000000620000000, 0x0000000620400000|  0%| F|  |TAMS 0x0000000620000000| PB 0x0000000620000000| Untracked 
|  73|0x0000000620400000, 0x0000000620400000, 0x0000000620800000|  0%| F|  |TAMS 0x0000000620400000| PB 0x0000000620400000| Untracked 
|  74|0x0000000620800000, 0x0000000620800000, 0x0000000620c00000|  0%| F|  |TAMS 0x0000000620800000| PB 0x0000000620800000| Untracked 
|  75|0x0000000620c00000, 0x0000000620c00000, 0x0000000621000000|  0%| F|  |TAMS 0x0000000620c00000| PB 0x0000000620c00000| Untracked 
|  76|0x0000000621000000, 0x0000000621000000, 0x0000000621400000|  0%| F|  |TAMS 0x0000000621000000| PB 0x0000000621000000| Untracked 
|  77|0x0000000621400000, 0x0000000621400000, 0x0000000621800000|  0%| F|  |TAMS 0x0000000621400000| PB 0x0000000621400000| Untracked 
|  78|0x0000000621800000, 0x0000000621800000, 0x0000000621c00000|  0%| F|  |TAMS 0x0000000621800000| PB 0x0000000621800000| Untracked 
|  79|0x0000000621c00000, 0x0000000621c00000, 0x0000000622000000|  0%| F|  |TAMS 0x0000000621c00000| PB 0x0000000621c00000| Untracked 
|  80|0x0000000622000000, 0x0000000622000000, 0x0000000622400000|  0%| F|  |TAMS 0x0000000622000000| PB 0x0000000622000000| Untracked 
|  81|0x0000000622400000, 0x0000000622400000, 0x0000000622800000|  0%| F|  |TAMS 0x0000000622400000| PB 0x0000000622400000| Untracked 
|  82|0x0000000622800000, 0x0000000622800000, 0x0000000622c00000|  0%| F|  |TAMS 0x0000000622800000| PB 0x0000000622800000| Untracked 
|  83|0x0000000622c00000, 0x0000000622c00000, 0x0000000623000000|  0%| F|  |TAMS 0x0000000622c00000| PB 0x0000000622c00000| Untracked 
|  84|0x0000000623000000, 0x0000000623000000, 0x0000000623400000|  0%| F|  |TAMS 0x0000000623000000| PB 0x0000000623000000| Untracked 
|  85|0x0000000623400000, 0x0000000623400000, 0x0000000623800000|  0%| F|  |TAMS 0x0000000623400000| PB 0x0000000623400000| Untracked 
|  86|0x0000000623800000, 0x0000000623800000, 0x0000000623c00000|  0%| F|  |TAMS 0x0000000623800000| PB 0x0000000623800000| Untracked 
|  87|0x0000000623c00000, 0x0000000623c00000, 0x0000000624000000|  0%| F|  |TAMS 0x0000000623c00000| PB 0x0000000623c00000| Untracked 
|  88|0x0000000624000000, 0x0000000624000000, 0x0000000624400000|  0%| F|  |TAMS 0x0000000624000000| PB 0x0000000624000000| Untracked 
|  89|0x0000000624400000, 0x0000000624400000, 0x0000000624800000|  0%| F|  |TAMS 0x0000000624400000| PB 0x0000000624400000| Untracked 
|  90|0x0000000624800000, 0x0000000624800000, 0x0000000624c00000|  0%| F|  |TAMS 0x0000000624800000| PB 0x0000000624800000| Untracked 
|  91|0x0000000624c00000, 0x0000000624c00000, 0x0000000625000000|  0%| F|  |TAMS 0x0000000624c00000| PB 0x0000000624c00000| Untracked 
|  92|0x0000000625000000, 0x0000000625000000, 0x0000000625400000|  0%| F|  |TAMS 0x0000000625000000| PB 0x0000000625000000| Untracked 
|  93|0x0000000625400000, 0x0000000625400000, 0x0000000625800000|  0%| F|  |TAMS 0x0000000625400000| PB 0x0000000625400000| Untracked 
|  94|0x0000000625800000, 0x0000000625800000, 0x0000000625c00000|  0%| F|  |TAMS 0x0000000625800000| PB 0x0000000625800000| Untracked 
|  95|0x0000000625c00000, 0x0000000625c00000, 0x0000000626000000|  0%| F|  |TAMS 0x0000000625c00000| PB 0x0000000625c00000| Untracked 
|  96|0x0000000626000000, 0x0000000626000000, 0x0000000626400000|  0%| F|  |TAMS 0x0000000626000000| PB 0x0000000626000000| Untracked 
|  97|0x0000000626400000, 0x0000000626400000, 0x0000000626800000|  0%| F|  |TAMS 0x0000000626400000| PB 0x0000000626400000| Untracked 
|  98|0x0000000626800000, 0x0000000626800000, 0x0000000626c00000|  0%| F|  |TAMS 0x0000000626800000| PB 0x0000000626800000| Untracked 
|  99|0x0000000626c00000, 0x0000000626c00000, 0x0000000627000000|  0%| F|  |TAMS 0x0000000626c00000| PB 0x0000000626c00000| Untracked 
| 100|0x0000000627000000, 0x0000000627000000, 0x0000000627400000|  0%| F|  |TAMS 0x0000000627000000| PB 0x0000000627000000| Untracked 
| 101|0x0000000627400000, 0x0000000627400000, 0x0000000627800000|  0%| F|  |TAMS 0x0000000627400000| PB 0x0000000627400000| Untracked 
| 102|0x0000000627800000, 0x0000000627800000, 0x0000000627c00000|  0%| F|  |TAMS 0x0000000627800000| PB 0x0000000627800000| Untracked 
| 103|0x0000000627c00000, 0x0000000627c00000, 0x0000000628000000|  0%| F|  |TAMS 0x0000000627c00000| PB 0x0000000627c00000| Untracked 
| 104|0x0000000628000000, 0x0000000628000000, 0x0000000628400000|  0%| F|  |TAMS 0x0000000628000000| PB 0x0000000628000000| Untracked 
| 105|0x0000000628400000, 0x0000000628400000, 0x0000000628800000|  0%| F|  |TAMS 0x0000000628400000| PB 0x0000000628400000| Untracked 
| 106|0x0000000628800000, 0x0000000628800000, 0x0000000628c00000|  0%| F|  |TAMS 0x0000000628800000| PB 0x0000000628800000| Untracked 
| 107|0x0000000628c00000, 0x0000000628c00000, 0x0000000629000000|  0%| F|  |TAMS 0x0000000628c00000| PB 0x0000000628c00000| Untracked 
| 108|0x0000000629000000, 0x0000000629000000, 0x0000000629400000|  0%| F|  |TAMS 0x0000000629000000| PB 0x0000000629000000| Untracked 
| 109|0x0000000629400000, 0x0000000629400000, 0x0000000629800000|  0%| F|  |TAMS 0x0000000629400000| PB 0x0000000629400000| Untracked 
| 110|0x0000000629800000, 0x0000000629800000, 0x0000000629c00000|  0%| F|  |TAMS 0x0000000629800000| PB 0x0000000629800000| Untracked 
| 111|0x0000000629c00000, 0x0000000629c00000, 0x000000062a000000|  0%| F|  |TAMS 0x0000000629c00000| PB 0x0000000629c00000| Untracked 
| 112|0x000000062a000000, 0x000000062a000000, 0x000000062a400000|  0%| F|  |TAMS 0x000000062a000000| PB 0x000000062a000000| Untracked 
| 113|0x000000062a400000, 0x000000062a400000, 0x000000062a800000|  0%| F|  |TAMS 0x000000062a400000| PB 0x000000062a400000| Untracked 
| 114|0x000000062a800000, 0x000000062a800000, 0x000000062ac00000|  0%| F|  |TAMS 0x000000062a800000| PB 0x000000062a800000| Untracked 
| 115|0x000000062ac00000, 0x000000062ac00000, 0x000000062b000000|  0%| F|  |TAMS 0x000000062ac00000| PB 0x000000062ac00000| Untracked 
| 116|0x000000062b000000, 0x000000062b000000, 0x000000062b400000|  0%| F|  |TAMS 0x000000062b000000| PB 0x000000062b000000| Untracked 
| 117|0x000000062b400000, 0x000000062b400000, 0x000000062b800000|  0%| F|  |TAMS 0x000000062b400000| PB 0x000000062b400000| Untracked 
| 118|0x000000062b800000, 0x000000062b800000, 0x000000062bc00000|  0%| F|  |TAMS 0x000000062b800000| PB 0x000000062b800000| Untracked 
| 119|0x000000062bc00000, 0x000000062bc00000, 0x000000062c000000|  0%| F|  |TAMS 0x000000062bc00000| PB 0x000000062bc00000| Untracked 
| 120|0x000000062c000000, 0x000000062c000000, 0x000000062c400000|  0%| F|  |TAMS 0x000000062c000000| PB 0x000000062c000000| Untracked 
| 121|0x000000062c400000, 0x000000062c400000, 0x000000062c800000|  0%| F|  |TAMS 0x000000062c400000| PB 0x000000062c400000| Untracked 
| 122|0x000000062c800000, 0x000000062c87ea70, 0x000000062cc00000| 12%| E|  |TAMS 0x000000062c800000| PB 0x000000062c800000| Complete 
| 123|0x000000062cc00000, 0x000000062d000000, 0x000000062d000000|100%| E|CS|TAMS 0x000000062cc00000| PB 0x000000062cc00000| Complete 
| 124|0x000000062d000000, 0x000000062d400000, 0x000000062d400000|100%| E|CS|TAMS 0x000000062d000000| PB 0x000000062d000000| Complete 

Card table byte_map: [0x0000011d1ffc0000,0x0000011d20f50000] _byte_map_base: 0x0000011d1cf50000

Marking Bits: (CMBitMap*) 0x0000011d07142aa0
 Bits: [0x0000011d20f50000, 0x0000011d28bd0000)

Polling page: 0x0000011d068a0000

Metaspace:

Usage:
  Non-class:      2.88 MB used.
      Class:    144.21 KB used.
       Both:      3.02 MB used.

Virtual space:
  Non-class space:       64.00 MB reserved,       3.00 MB (  5%) committed,  1 nodes.
      Class space:        1.00 GB reserved,     256.00 KB ( <1%) committed,  1 nodes.
             Both:        1.06 GB reserved,       3.25 MB ( <1%) committed. 

Chunk freelists:
   Non-Class:  9.98 MB
       Class:  15.66 MB
        Both:  25.64 MB

MaxMetaspaceSize: unlimited
CompressedClassSpaceSize: 1.00 GB
Initial GC threshold: 21.00 MB
Current GC threshold: 21.00 MB
CDS: on
 - commit_granule_bytes: 65536.
 - commit_granule_words: 8192.
 - virtual_space_node_default_size: 8388608.
 - enlarge_chunks_in_place: 1.
 - use_allocation_guard: 0.


Internal statistics:

num_allocs_failed_limit: 0.
num_arena_births: 28.
num_arena_deaths: 0.
num_vsnodes_births: 2.
num_vsnodes_deaths: 0.
num_space_committed: 52.
num_space_uncommitted: 0.
num_chunks_returned_to_freelist: 0.
num_chunks_taken_from_freelist: 109.
num_chunk_merges: 0.
num_chunk_splits: 84.
num_chunks_enlarged: 72.
num_inconsistent_stats: 0.

CodeHeap 'non-profiled nmethods': size=119168Kb used=112Kb max_used=112Kb free=119056Kb
 bounds [0x0000011d17350000, 0x0000011d175c0000, 0x0000011d1e7b0000]
CodeHeap 'profiled nmethods': size=119104Kb used=429Kb max_used=429Kb free=118674Kb
 bounds [0x0000011d0f7b0000, 0x0000011d0fa20000, 0x0000011d16c00000]
CodeHeap 'non-nmethods': size=7488Kb used=2701Kb max_used=2701Kb free=4786Kb
 bounds [0x0000011d16c00000, 0x0000011d16eb0000, 0x0000011d17350000]
 total_blobs=869 nmethods=350 adapters=422
 compilation: enabled
              stopped_count=0, restarted_count=0
 full_count=0

Compilation events (20 events):
Event: 0.110 Thread 0x0000011d71164260  341       3       java.lang.StringLatin1::indexOf (121 bytes)
Event: 0.110 Thread 0x0000011d71163bb0  342       3       java.lang.String::startsWith (7 bytes)
Event: 0.110 Thread 0x0000011d71163bb0 nmethod 342 0x0000011d0f818110 code [0x0000011d0f8182c0, 0x0000011d0f818400]
Event: 0.110 Thread 0x0000011d71164260 nmethod 341 0x0000011d0f818490 code [0x0000011d0f818680, 0x0000011d0f818b68]
Event: 0.114 Thread 0x0000011d71164260  343       3       java.lang.ref.WeakReference::<init> (7 bytes)
Event: 0.114 Thread 0x0000011d71164260 nmethod 343 0x0000011d0f818d90 code [0x0000011d0f818f40, 0x0000011d0f819220]
Event: 0.115 Thread 0x0000011d71163bb0  344       1       java.security.ProtectionDomain::getCodeSource (5 bytes)
Event: 0.115 Thread 0x0000011d71163bb0 nmethod 344 0x0000011d1736ba10 code [0x0000011d1736bba0, 0x0000011d1736bc70]
Event: 0.116 Thread 0x0000011d71163bb0  345       3       java.lang.StringLatin1::inflate (34 bytes)
Event: 0.116 Thread 0x0000011d71163bb0 nmethod 345 0x0000011d0f819310 code [0x0000011d0f8194c0, 0x0000011d0f8196c8]
Event: 0.117 Thread 0x0000011d71163bb0  346       3       java.lang.ClassLoader::checkName (37 bytes)
Event: 0.118 Thread 0x0000011d71163bb0 nmethod 346 0x0000011d0f819810 code [0x0000011d0f819a40, 0x0000011d0f81a280]
Event: 0.119 Thread 0x0000011d71163bb0  347       3       java.lang.String::replace (42 bytes)
Event: 0.119 Thread 0x0000011d71049e00  348       3       java.lang.String::checkBoundsOffCount (10 bytes)
Event: 0.119 Thread 0x0000011d71163bb0 nmethod 347 0x0000011d0f81a590 code [0x0000011d0f81a760, 0x0000011d0f81aa90]
Event: 0.119 Thread 0x0000011d71049e00 nmethod 348 0x0000011d0f81ab90 code [0x0000011d0f81ad40, 0x0000011d0f81af50]
Event: 0.120 Thread 0x0000011d71049e00  349       3       java.lang.Class::getName (18 bytes)
Event: 0.120 Thread 0x0000011d71049e00 nmethod 349 0x0000011d0f81b090 code [0x0000011d0f81b240, 0x0000011d0f81b3d8]
Event: 0.122 Thread 0x0000011d71163bb0  350       1       java.lang.reflect.Method::getName (5 bytes)
Event: 0.122 Thread 0x0000011d71163bb0 nmethod 350 0x0000011d1736bd10 code [0x0000011d1736bea0, 0x0000011d1736bf70]

GC Heap History (0 events):
No events

Dll operation events (11 events):
Event: 0.004 Loaded shared library C:\Users\maksy\.jdks\corretto-21.0.3\bin\java.dll
Event: 0.022 Loaded shared library C:\Users\maksy\.jdks\corretto-21.0.3\bin\jsvml.dll
Event: 0.041 Loaded shared library C:\Users\maksy\.jdks\corretto-21.0.3\bin\zip.dll
Event: 0.042 Loaded shared library C:\Users\maksy\.jdks\corretto-21.0.3\bin\instrument.dll
Event: 0.045 Loaded shared library C:\Users\maksy\.jdks\corretto-21.0.3\bin\net.dll
Event: 0.046 Loaded shared library C:\Users\maksy\.jdks\corretto-21.0.3\bin\nio.dll
Event: 0.047 Loaded shared library C:\Users\maksy\.jdks\corretto-21.0.3\bin\zip.dll
Event: 0.056 Loaded shared library C:\Program Files\JetBrains\IntelliJ IDEA 2024.1.4\bin\breakgen64.dll
Event: 0.060 Loaded shared library C:\Users\maksy\.jdks\corretto-21.0.3\bin\extnet.dll
Event: 0.064 Loaded shared library C:\Users\maksy\.jdks\corretto-21.0.3\bin\verify.dll
Event: 0.066 Loaded shared library C:\Users\maksy\.jdks\corretto-21.0.3\bin\jimage.dll

Deoptimization events (8 events):
Event: 0.057 Thread 0x0000011d070dc190 Uncommon trap: trap_request=0xffffff45 fr.pc=0x0000011d1735ee8c relative=0x000000000000006c
Event: 0.057 Thread 0x0000011d070dc190 Uncommon trap: reason=unstable_if action=reinterpret pc=0x0000011d1735ee8c method=java.lang.String.isLatin1()Z @ 10 c2
Event: 0.057 Thread 0x0000011d070dc190 DEOPT PACKING pc=0x0000011d1735ee8c sp=0x00000003f92fe810
Event: 0.057 Thread 0x0000011d070dc190 DEOPT UNPACKING pc=0x0000011d16c57da2 sp=0x00000003f92fe7a0 mode 2
Event: 0.057 Thread 0x0000011d070dc190 Uncommon trap: trap_request=0xffffff45 fr.pc=0x0000011d17360de4 relative=0x00000000000000c4
Event: 0.057 Thread 0x0000011d070dc190 Uncommon trap: reason=unstable_if action=reinterpret pc=0x0000011d17360de4 method=java.lang.String.isLatin1()Z @ 10 c2
Event: 0.057 Thread 0x0000011d070dc190 DEOPT PACKING pc=0x0000011d17360de4 sp=0x00000003f92ff360
Event: 0.057 Thread 0x0000011d070dc190 DEOPT UNPACKING pc=0x0000011d16c57da2 sp=0x00000003f92ff2a0 mode 2

Classes loaded (20 events):
Event: 0.082 Loading class java/nio/FloatBuffer
Event: 0.082 Loading class java/nio/FloatBuffer done
Event: 0.082 Loading class java/nio/HeapFloatBuffer
Event: 0.082 Loading class java/nio/HeapFloatBuffer done
Event: 0.088 Loading class java/lang/IllegalAccessException
Event: 0.088 Loading class java/lang/IllegalAccessException done
Event: 0.088 Loading class java/nio/BufferOverflowException
Event: 0.088 Loading class java/nio/BufferOverflowException done
Event: 0.088 Loading class java/nio/BufferUnderflowException
Event: 0.088 Loading class java/nio/BufferUnderflowException done
Event: 0.089 Loading class java/lang/SecurityException
Event: 0.089 Loading class java/lang/SecurityException done
Event: 0.090 Loading class sun/misc/Unsafe
Event: 0.090 Loading class sun/misc/Unsafe done
Event: 0.090 Loading class java/lang/invoke/DirectMethodHandle$StaticAccessor
Event: 0.090 Loading class java/lang/invoke/DirectMethodHandle$StaticAccessor done
Event: 0.090 Loading class java/lang/foreign/MemorySegment
Event: 0.090 Loading class java/lang/foreign/MemorySegment done
Event: 0.121 Loading class java/lang/InstantiationException
Event: 0.121 Loading class java/lang/InstantiationException done

Classes unloaded (0 events):
No events

Classes redefined (0 events):
No events

Internal exceptions (3 events):
Event: 0.052 Thread 0x0000011d070dc190 Exception <a 'java/lang/NoSuchMethodError'{0x000000062d3e5b80}: 'void java.lang.invoke.DirectMethodHandle$Holder.invokeStatic(java.lang.Object, java.lang.Object, java.lang.Object)'> (0x000000062d3e5b80) 
thrown [s\src\hotspot\share\interpreter\linkResolver.cpp, line 773]
Event: 0.054 Thread 0x0000011d070dc190 Exception <a 'java/lang/NoSuchMethodError'{0x000000062d3fd088}: 'java.lang.Object java.lang.invoke.Invokers$Holder.invokeExact_MT(java.lang.Object, java.lang.Object, java.lang.Object, java.lang.Object, java.lang.Object)'> (0x000000062d3fd088) 
thrown [s\src\hotspot\share\interpreter\linkResolver.cpp, line 773]
Event: 0.061 Thread 0x0000011d713389b0 Exception <a 'java/lang/NoSuchMethodError'{0x000000062cc83e88}: 'void java.lang.invoke.DirectMethodHandle$Holder.invokeStatic(java.lang.Object, java.lang.Object)'> (0x000000062cc83e88) 
thrown [s\src\hotspot\share\interpreter\linkResolver.cpp, line 773]

ZGC Phase Switch (0 events):
No events

VM Operations (6 events):
Event: 0.035 Executing VM operation: HandshakeAllThreads (Deoptimize)
Event: 0.035 Executing VM operation: HandshakeAllThreads (Deoptimize) done
Event: 0.065 Executing VM operation: HandshakeAllThreads (Deoptimize)
Event: 0.065 Executing VM operation: HandshakeAllThreads (Deoptimize) done
Event: 0.069 Executing VM operation: HandshakeAllThreads (Deoptimize)
Event: 0.069 Executing VM operation: HandshakeAllThreads (Deoptimize) done

Events (15 events):
Event: 0.013 Thread 0x0000011d070dc190 Thread added: 0x0000011d070dc190
Event: 0.021 Thread 0x0000011d71011820 Thread added: 0x0000011d71011820
Event: 0.021 Thread 0x0000011d71012740 Thread added: 0x0000011d71012740
Event: 0.021 Thread 0x0000011d710162e0 Thread added: 0x0000011d710162e0
Event: 0.021 Thread 0x0000011d71016f40 Thread added: 0x0000011d71016f40
Event: 0.021 Thread 0x0000011d7101a380 Thread added: 0x0000011d7101a380
Event: 0.021 Thread 0x0000011d71045420 Thread added: 0x0000011d71045420
Event: 0.021 Thread 0x0000011d71046950 Thread added: 0x0000011d71046950
Event: 0.021 Thread 0x0000011d71049e00 Thread added: 0x0000011d71049e00
Event: 0.033 Thread 0x0000011d71162450 Thread added: 0x0000011d71162450
Event: 0.035 Thread 0x0000011d71163bb0 Thread added: 0x0000011d71163bb0
Event: 0.035 Thread 0x0000011d71164260 Thread added: 0x0000011d71164260
Event: 0.039 Thread 0x0000011d711cf460 Thread added: 0x0000011d711cf460
Event: 0.056 Thread 0x0000011d713389b0 Thread added: 0x0000011d713389b0
Event: 0.056 Thread 0x0000011d71339020 Thread added: 0x0000011d71339020


Dynamic libraries:
0x00007ff6c3860000 - 0x00007ff6c386e000 	C:\Users\maksy\.jdks\corretto-21.0.3\bin\java.exe
0x00007ff8dba70000 - 0x00007ff8dbc87000 	C:\Windows\SYSTEM32\ntdll.dll
0x00007ff8dab00000 - 0x00007ff8dabc4000 	C:\Windows\System32\KERNEL32.DLL
0x00007ff8d8f90000 - 0x00007ff8d9347000 	C:\Windows\System32\KERNELBASE.dll
0x00007ff8d95c0000 - 0x00007ff8d96d1000 	C:\Windows\System32\ucrtbase.dll
0x00007ff8406f0000 - 0x00007ff840708000 	C:\Users\maksy\.jdks\corretto-21.0.3\bin\jli.dll
0x00007ff8406d0000 - 0x00007ff8406eb000 	C:\Users\maksy\.jdks\corretto-21.0.3\bin\VCRUNTIME140.dll
0x00007ff8da860000 - 0x00007ff8daa0f000 	C:\Windows\System32\USER32.dll
0x00007ff8d8df0000 - 0x00007ff8d8e16000 	C:\Windows\System32\win32u.dll
0x00007ff8abb00000 - 0x00007ff8abd93000 	C:\Windows\WinSxS\amd64_microsoft.windows.common-controls_6595b64144ccf1df_6.0.22621.3672_none_2713b9d173822955\COMCTL32.dll
0x00007ff8db1f0000 - 0x00007ff8db219000 	C:\Windows\System32\GDI32.dll
0x00007ff8db2e0000 - 0x00007ff8db387000 	C:\Windows\System32\msvcrt.dll
0x00007ff8d9350000 - 0x00007ff8d9468000 	C:\Windows\System32\gdi32full.dll
0x00007ff8d9520000 - 0x00007ff8d95ba000 	C:\Windows\System32\msvcp_win.dll
0x00007ff8db7e0000 - 0x00007ff8db811000 	C:\Windows\System32\IMM32.DLL
0x00007ff89ce60000 - 0x00007ff89ce6c000 	C:\Users\maksy\.jdks\corretto-21.0.3\bin\vcruntime140_1.dll
0x00007ff819940000 - 0x00007ff8199cd000 	C:\Users\maksy\.jdks\corretto-21.0.3\bin\msvcp140.dll
0x00007ff8143d0000 - 0x00007ff815161000 	C:\Users\maksy\.jdks\corretto-21.0.3\bin\server\jvm.dll
0x00007ff8d97a0000 - 0x00007ff8d9852000 	C:\Windows\System32\ADVAPI32.dll
0x00007ff8db220000 - 0x00007ff8db2c8000 	C:\Windows\System32\sechost.dll
0x00007ff8d9470000 - 0x00007ff8d9498000 	C:\Windows\System32\bcrypt.dll
0x00007ff8d9990000 - 0x00007ff8d9aa4000 	C:\Windows\System32\RPCRT4.dll
0x00007ff8daa80000 - 0x00007ff8daaf1000 	C:\Windows\System32\WS2_32.dll
0x00007ff8d8560000 - 0x00007ff8d85ad000 	C:\Windows\SYSTEM32\POWRPROF.dll
0x00007ff8c99a0000 - 0x00007ff8c99d4000 	C:\Windows\SYSTEM32\WINMM.dll
0x00007ff8c9360000 - 0x00007ff8c936a000 	C:\Windows\SYSTEM32\VERSION.dll
0x00007ff8d84f0000 - 0x00007ff8d8503000 	C:\Windows\SYSTEM32\UMPDC.dll
0x00007ff8d7d90000 - 0x00007ff8d7da8000 	C:\Windows\SYSTEM32\kernel.appcore.dll
0x00007ff893ad0000 - 0x00007ff893ada000 	C:\Users\maksy\.jdks\corretto-21.0.3\bin\jimage.dll
0x00007ff8cf7d0000 - 0x00007ff8cfa02000 	C:\Windows\SYSTEM32\DBGHELP.DLL
0x00007ff8da320000 - 0x00007ff8da6ae000 	C:\Windows\System32\combase.dll
0x00007ff8d9860000 - 0x00007ff8d9937000 	C:\Windows\System32\OLEAUT32.dll
0x00007ff8c12b0000 - 0x00007ff8c12e2000 	C:\Windows\SYSTEM32\dbgcore.DLL
0x00007ff8d94a0000 - 0x00007ff8d951b000 	C:\Windows\System32\bcryptPrimitives.dll
0x00007ff883790000 - 0x00007ff88379e000 	C:\Users\maksy\.jdks\corretto-21.0.3\bin\instrument.dll
0x00007ff8406b0000 - 0x00007ff8406cf000 	C:\Users\maksy\.jdks\corretto-21.0.3\bin\java.dll
0x00007ff8d9ab0000 - 0x00007ff8da319000 	C:\Windows\System32\SHELL32.dll
0x00007ff8d6ca0000 - 0x00007ff8d759f000 	C:\Windows\SYSTEM32\windows.storage.dll
0x00007ff8d6b60000 - 0x00007ff8d6c9f000 	C:\Windows\SYSTEM32\wintypes.dll
0x00007ff8db920000 - 0x00007ff8dba19000 	C:\Windows\System32\SHCORE.dll
0x00007ff8daa10000 - 0x00007ff8daa6e000 	C:\Windows\System32\shlwapi.dll
0x00007ff8d8cb0000 - 0x00007ff8d8cd7000 	C:\Windows\SYSTEM32\profapi.dll
0x00007ff819860000 - 0x00007ff819937000 	C:\Users\maksy\.jdks\corretto-21.0.3\bin\jsvml.dll
0x00007ff81a980000 - 0x00007ff81a998000 	C:\Users\maksy\.jdks\corretto-21.0.3\bin\zip.dll
0x00007ff8406a0000 - 0x00007ff8406b0000 	C:\Users\maksy\.jdks\corretto-21.0.3\bin\net.dll
0x00007ff8d5950000 - 0x00007ff8d5a86000 	C:\Windows\SYSTEM32\WINHTTP.dll
0x00007ff8d81f0000 - 0x00007ff8d8259000 	C:\Windows\system32\mswsock.dll
0x00007ff81aa20000 - 0x00007ff81aa36000 	C:\Users\maksy\.jdks\corretto-21.0.3\bin\nio.dll
0x00007ff8b3810000 - 0x00007ff8b382a000 	C:\Program Files\JetBrains\IntelliJ IDEA 2024.1.4\bin\breakgen64.dll
0x00007ff81aa10000 - 0x00007ff81aa19000 	C:\Users\maksy\.jdks\corretto-21.0.3\bin\extnet.dll
0x00007ff81a950000 - 0x00007ff81a960000 	C:\Users\maksy\.jdks\corretto-21.0.3\bin\verify.dll

dbghelp: loaded successfully - version: 4.0.5 - missing functions: none
symbol engine: initialized successfully - sym options: 0x614 - pdb path: .;C:\Users\maksy\.jdks\corretto-21.0.3\bin;C:\Windows\SYSTEM32;C:\Windows\WinSxS\amd64_microsoft.windows.common-controls_6595b64144ccf1df_6.0.22621.3672_none_2713b9d173822955;C:\Users\maksy\.jdks\corretto-21.0.3\bin\server;C:\Program Files\JetBrains\IntelliJ IDEA 2024.1.4\bin

VM Arguments:
jvm_args: -javaagent:C:\Program Files\JetBrains\IntelliJ IDEA 2024.1.4\lib\idea_rt.jar=54236:C:\Program Files\JetBrains\IntelliJ IDEA 2024.1.4\bin -Dfile.encoding=UTF-8 -Dsun.stdout.encoding=UTF-8 -Dsun.stderr.encoding=UTF-8 
java_command: dev.isnow.mcrekus.module.impl.model.util.MatrixUtil
java_class_path (initial): C:\Users\maksy\Desktop\Development\MCRekus\target\classes;C:\Users\maksy\.m2\repository\com\github\mqzn\Lotus\1.3\Lotus-1.3.jar;C:\Users\maksy\.m2\repository\org\joml\joml\1.10.8\joml-1.10.8.jar;C:\Users\maksy\.m2\repository\org\apache\commons\commons-lang3\3.17.0\commons-lang3-3.17.0.jar;C:\Users\maksy\.m2\repository\me\tofaa\entitylib\spigot\2.4.11-SNAPSHOT\spigot-2.4.11-20241104.201901-1.jar;C:\Users\maksy\.m2\repository\me\tofaa\entitylib\common\2.4.11-SNAPSHOT\common-2.4.11-20241104.201901-1.jar;C:\Users\maksy\.m2\repository\me\tofaa\entitylib\api\2.4.11-SNAPSHOT\api-2.4.11-20241104.201901-1.jar;C:\Users\maksy\.m2\repository\com\github\micartey\webhookly\558f796665\webhookly-558f796665.jar;C:\Users\maksy\.m2\repository\org\jetbrains\annotations\23.0.0\annotations-23.0.0.jar
Launcher Type: SUN_STANDARD

[Global flags]
     intx CICompilerCount                          = 12                                        {product} {ergonomic}
     uint ConcGCThreads                            = 3                                         {product} {ergonomic}
     uint G1ConcRefinementThreads                  = 13                                        {product} {ergonomic}
   size_t G1HeapRegionSize                         = 4194304                                   {product} {ergonomic}
    uintx GCDrainStackTargetSize                   = 64                                        {product} {ergonomic}
   size_t InitialHeapSize                          = 524288000                                 {product} {ergonomic}
   size_t MarkStackSize                            = 4194304                                   {product} {ergonomic}
   size_t MaxHeapSize                              = 8355053568                                {product} {ergonomic}
   size_t MaxNewSize                               = 5012193280                                {product} {ergonomic}
   size_t MinHeapDeltaBytes                        = 4194304                                   {product} {ergonomic}
   size_t MinHeapSize                              = 8388608                                   {product} {ergonomic}
    uintx NonNMethodCodeHeapSize                   = 7602480                                {pd product} {ergonomic}
    uintx NonProfiledCodeHeapSize                  = 122027880                              {pd product} {ergonomic}
    uintx ProfiledCodeHeapSize                     = 122027880                              {pd product} {ergonomic}
    uintx ReservedCodeCacheSize                    = 251658240                              {pd product} {ergonomic}
     bool SegmentedCodeCache                       = true                                      {product} {ergonomic}
   size_t SoftMaxHeapSize                          = 8355053568                             {manageable} {ergonomic}
     bool UseCompressedOops                        = true                           {product lp64_product} {ergonomic}
     bool UseG1GC                                  = true                                      {product} {ergonomic}
     bool UseLargePagesIndividualAllocation        = false                                  {pd product} {ergonomic}

Logging:
Log output configuration:
 #0: stdout all=warning uptime,level,tags foldmultilines=false
 #1: stderr all=off uptime,level,tags foldmultilines=false

Environment Variables:
JAVA_HOME=C:\Users\maksy\.jdks\corretto-21.0.3
PATH=D:\Oculus\Support\oculus-runtime;C:\Users\maksy\.jdks\corretto-21.0.3\bin;C:\Windows\system32;C:\Windows;C:\Windows\System32\Wbem;C:\Windows\System32\WindowsPowerShell\v1.0\;C:\Windows\System32\OpenSSH\;C:\Windows\AtlasModules;C:\Windows\AtlasModules\Apps;C:\Windows\AtlasModules\Other;C:\Windows\AtlasModules\Tools;C:\Windows\AtlasModules\Scripts;C:\Program Files\Git\cmd;C:\Program Files\dotnet\;C:\Program Files\Tailscale\;C:\Program Files\nodejs\;C:\Program Files\PuTTY\;C:\Program Files (x86)\Gpg4win\..\GnuPG\bin;C:\Program Files\Mullvad VPN\resources;C:\Users\maksy\AppData\Local\Programs\Python\Python312\Scripts\;C:\Users\maksy\AppData\Local\Programs\Python\Python312\;C:\Users\maksy\AppData\Local\Programs\Python\Launcher\;C:\Users\maksy\AppData\Local\Microsoft\WindowsApps;C:\Program Files\JetBrains\IntelliJ IDEA 2024.1.4\bin;;C:\Users\maksy\AppData\Roaming\npm;C:\Users\maksy\AppData\Local\Programs\Microsoft VS Code\bin;C:\Users\maksy\AppData\Local\Microsoft\WinGet\Packages\Schniz.fnm_Microsoft.Winget.Source_8wekyb3d8bbwe;C:\Users\maksy\.aftman\bin;C:\Users\maksy\AppData\Local\GitHubDesktop\bin
USERNAME=maksy
OS=Windows_NT
PROCESSOR_IDENTIFIER=AMD64 Family 25 Model 97 Stepping 2, AuthenticAMD
TMP=C:\Users\maksy\AppData\Local\Temp
TEMP=C:\Users\maksy\AppData\Local\Temp




Periodic native trim disabled

---------------  S Y S T E M  ---------------

OS:
 Windows 11 , 64 bit Build 22621 (10.0.22621.3958)
OS uptime: 0 days 11:00 hours
Hyper-V role detected

CPU: total 16 (initial active 16) (16 cores per cpu, 2 threads per core) family 25 model 97 stepping 2 microcode 0x0, cx8, cmov, fxsr, ht, mmx, 3dnowpref, sse, sse2, sse3, ssse3, sse4a, sse4.1, sse4.2, popcnt, lzcnt, tsc, tscinvbit, avx, avx2, aes, erms, clmul, bmi1, bmi2, adx, avx512f, avx512dq, avx512cd, avx512bw, avx512vl, sha, fma, vzeroupper, avx512_vpopcntdq, avx512_vpclmulqdq, avx512_vaes, avx512_vnni, clflush, clflushopt, avx512_vbmi2, avx512_vbmi, hv, rdtscp, rdpid, fsrm, gfni, avx512_bitalg, f16c, cet_ss, avx512_ifma
Processor Information for all 16 processors :
  Max Mhz: 3801, Current Mhz: 3801, Mhz Limit: 3801

Memory: 4k page, system-wide physical 31863M (2205M free)
TotalPageFile size 48306M (AvailPageFile size 5410M)
current process WorkingSet (physical memory assigned to process): 49M, peak: 50M
current process commit charge ("private bytes"): 605M, peak: 608M

vm_info: OpenJDK 64-Bit Server VM (21.0.3+9-LTS) for windows-amd64 JRE (21.0.3+9-LTS), built on 2024-04-10T19:10:39Z by "Administrator" with MS VC++ 16.10 / 16.11 (VS2019)

END.
